app/build/intermediates/proguard/release/aapt_rules.txt
# view AndroidManifest.xml #generated:16
-keep class com.taylorhuston.funfacts.FunFactsActivity { <init>(...); }